c:\users\wtnbkspc\desktop\development\project\190722-spla-roulette\spla-roulette\spla-roulette\x64\release\spla-roulette.pch
c:\users\wtnbkspc\desktop\development\project\190722-spla-roulette\spla-roulette\spla-roulette\x64\release\vc141.pdb
c:\users\wtnbkspc\desktop\development\project\190722-spla-roulette\spla-roulette\spla-roulette\x64\release\stdafx.obj
c:\users\wtnbkspc\desktop\development\project\190722-spla-roulette\spla-roulette\spla-roulette\x64\release\spla-roulette.obj
c:\users\wtnbkspc\desktop\development\project\190722-spla-roulette\spla-roulette\spla-roulette\x64\release\openglinitializerclass.obj
c:\users\wtnbkspc\desktop\development\project\190722-spla-roulette\spla-roulette\spla-roulette\x64\release\maincontroller.obj
c:\users\wtnbkspc\desktop\development\project\190722-spla-roulette\spla-roulette\spla-roulette\x64\release\gui_managerclass.obj
c:\users\wtnbkspc\desktop\development\project\190722-spla-roulette\spla-roulette\x64\release\spla-roulette.exe
c:\users\wtnbkspc\desktop\development\project\190722-spla-roulette\spla-roulette\x64\release\spla-roulette.pdb
c:\users\wtnbkspc\desktop\development\project\190722-spla-roulette\spla-roulette\spla-roulette\x64\release\spla-roulette.res
c:\users\wtnbkspc\desktop\development\project\190722-spla-roulette\spla-roulette\x64\release\spla-roulette.ipdb
c:\users\wtnbkspc\desktop\development\project\190722-spla-roulette\spla-roulette\x64\release\spla-roulette.iobj
c:\users\wtnbkspc\desktop\development\project\190722-spla-roulette\spla-roulette\spla-roulette\x64\release\spla-roulette.tlog\cl.command.1.tlog
c:\users\wtnbkspc\desktop\development\project\190722-spla-roulette\spla-roulette\spla-roulette\x64\release\spla-roulette.tlog\cl.read.1.tlog
c:\users\wtnbkspc\desktop\development\project\190722-spla-roulette\spla-roulette\spla-roulette\x64\release\spla-roulette.tlog\cl.write.1.tlog
c:\users\wtnbkspc\desktop\development\project\190722-spla-roulette\spla-roulette\spla-roulette\x64\release\spla-roulette.tlog\link.command.1.tlog
c:\users\wtnbkspc\desktop\development\project\190722-spla-roulette\spla-roulette\spla-roulette\x64\release\spla-roulette.tlog\link.read.1.tlog
c:\users\wtnbkspc\desktop\development\project\190722-spla-roulette\spla-roulette\spla-roulette\x64\release\spla-roulette.tlog\link.write.1.tlog
c:\users\wtnbkspc\desktop\development\project\190722-spla-roulette\spla-roulette\spla-roulette\x64\release\spla-roulette.tlog\rc.command.1.tlog
c:\users\wtnbkspc\desktop\development\project\190722-spla-roulette\spla-roulette\spla-roulette\x64\release\spla-roulette.tlog\rc.read.1.tlog
c:\users\wtnbkspc\desktop\development\project\190722-spla-roulette\spla-roulette\spla-roulette\x64\release\spla-roulette.tlog\rc.write.1.tlog
c:\users\wtnbkspc\desktop\development\project\190722-spla-roulette\spla-roulette\spla-roulette\x64\release\spla-roulette.tlog\spla-roulette.write.1u.tlog
